Configurations
{'adam_beta1': 0.9,
 'adam_beta2': 0.999,
 'adam_eps': 1e-06,
 'backbone': 't5-small',
 'batch_size': 32,
 'clip_grad_norm': 1.0,
 'comment': '',
 'distributed': True,
 'do_lower_case': False,
 'dropout': 0.1,
 'dry': False,
 'epoch': 10,
 'fp16': False,
 'from_scratch': False,
 'gen_max_length': 64,
 'gradient_accumulation_steps': 1,
 'load': None,
 'local_rank': 0,
 'log_train_accuracy': False,
 'losses': 'rating,sequential,explanation,review,traditional',
 'lr': 0.001,
 'max_text_length': 512,
 'multiGPU': True,
 'num_beams': 1,
 'num_workers': 4,
 'optim': 'adamw',
 'optimizer': 'adamw',
 'output': 'snap/yelp-small',
 'seed': 2022,
 'submit': False,
 'test': None,
 'test_only': False,
 'tokenizer': 'p5',
 'train': 'yelp',
 'valid': 'yelp',
 'valid_batch_size': None,
 'warmup_ratio': 0.02,
 'weight_decay': 0.01,
 'whole_word_embed': True}
Process Launching at GPU 1
['rating_loss', 'sequential_loss', 'explanation_loss', 'review_loss', 'traditional_loss']
Process Launching at GPU 0
Process Launching at GPU 2
Process Launching at GPU 3
Building train loader at GPU 0
Building train loader at GPU 1
Building train loader at GPU 3
Building train loader at GPU 2
Data sources:  ['yelp']
Data sources:  ['yelp']
Data sources:  ['yelp']
Data sources:  ['yelp']
compute_datum_info
compute_datum_info
compute_datum_info
compute_datum_info
Building val loader at GPU 1
Building val loader at GPU 0
Building val loader at GPU 3
Building val loader at GPU 2
Data sources:  ['yelp']
Data sources:  ['yelp']
Data sources:  ['yelp']
Data sources:  ['yelp']
compute_datum_info
compute_datum_info
compute_datum_info
compute_datum_info
Building Model at GPU 0
Building Model at GPU 1
Building Model at GPU 2
Building Model at GPU 3
Model Launching at GPU 1
Model Launching at GPU 2
Model Launching at GPU 0
Model Launching at GPU 3
Building Optimizer
Batch per epoch: 13792
Total Iters: 137920
Warmup ratio: 0.02
Warm up Iters: 2758
hyper-01-prod-comp-di-0241-112:1965084:1965084 [0] NCCL INFO Bootstrap : Using ens32:10.66.241.112<0>
hyper-01-prod-comp-di-0241-112:1965084:1965084 [0] NCCL INFO NET/Plugin : No plugin found (libnccl-net.so), using internal implementation
hyper-01-prod-comp-di-0241-112:1965084:1965084 [0] NCCL INFO NET/IB : No device found.
hyper-01-prod-comp-di-0241-112:1965084:1965084 [0] NCCL INFO NET/Socket : Using [0]ens32:10.66.241.112<0> [1]ens65:10.66.241.66<0> [2]ens129:10.66.241.35<0> [3]ens161:10.66.241.81<0>
hyper-01-prod-comp-di-0241-112:1965084:1965084 [0] NCCL INFO Using network Socket
NCCL version 2.10.3+cuda11.3
hyper-01-prod-comp-di-0241-112:1965085:1965085 [1] NCCL INFO Bootstrap : Using ens32:10.66.241.112<0>
hyper-01-prod-comp-di-0241-112:1965086:1965086 [2] NCCL INFO Bootstrap : Using ens32:10.66.241.112<0>
hyper-01-prod-comp-di-0241-112:1965086:1965086 [2] NCCL INFO NET/Plugin : No plugin found (libnccl-net.so), using internal implementation
hyper-01-prod-comp-di-0241-112:1965085:1965085 [1] NCCL INFO NET/Plugin : No plugin found (libnccl-net.so), using internal implementation
hyper-01-prod-comp-di-0241-112:1965085:1965085 [1] NCCL INFO NET/IB : No device found.
hyper-01-prod-comp-di-0241-112:1965086:1965086 [2] NCCL INFO NET/IB : No device found.
hyper-01-prod-comp-di-0241-112:1965085:1965085 [1] NCCL INFO NET/Socket : Using [0]ens32:10.66.241.112<0> [1]ens65:10.66.241.66<0> [2]ens129:10.66.241.35<0> [3]ens161:10.66.241.81<0>
hyper-01-prod-comp-di-0241-112:1965086:1965086 [2] NCCL INFO NET/Socket : Using [0]ens32:10.66.241.112<0> [1]ens65:10.66.241.66<0> [2]ens129:10.66.241.35<0> [3]ens161:10.66.241.81<0>
hyper-01-prod-comp-di-0241-112:1965085:1965085 [1] NCCL INFO Using network Socket
hyper-01-prod-comp-di-0241-112:1965086:1965086 [2] NCCL INFO Using network Socket
hyper-01-prod-comp-di-0241-112:1965087:1965087 [3] NCCL INFO Bootstrap : Using ens32:10.66.241.112<0>
hyper-01-prod-comp-di-0241-112:1965087:1965087 [3] NCCL INFO NET/Plugin : No plugin found (libnccl-net.so), using internal implementation
hyper-01-prod-comp-di-0241-112:1965087:1965087 [3] NCCL INFO NET/IB : No device found.
hyper-01-prod-comp-di-0241-112:1965087:1965087 [3] NCCL INFO NET/Socket : Using [0]ens32:10.66.241.112<0> [1]ens65:10.66.241.66<0> [2]ens129:10.66.241.35<0> [3]ens161:10.66.241.81<0>
hyper-01-prod-comp-di-0241-112:1965087:1965087 [3] NCCL INFO Using network Socket
hyper-01-prod-comp-di-0241-112:1965086:1987445 [2] NCCL INFO Trees [0] 3/-1/-1->2->1 [1] 3/-1/-1->2->1 [2] 3/-1/-1->2->1 [3] 3/-1/-1->2->1 [4] 3/-1/-1->2->1 [5] 3/-1/-1->2->1 [6] 3/-1/-1->2->1 [7] 3/-1/-1->2->1 [8] 3/-1/-1->2->1 [9] 3/-1/-1->2->1 [10] 3/-1/-1->2->1 [11] 3/-1/-1->2->1 [12] 3/-1/-1->2->1 [13] 3/-1/-1->2->1 [14] 3/-1/-1->2->1 [15] 3/-1/-1->2->1 [16] 3/-1/-1->2->1 [17] 3/-1/-1->2->1 [18] 3/-1/-1->2->1 [19] 3/-1/-1->2->1 [20] 3/-1/-1->2->1 [21] 3/-1/-1->2->1 [22] 3/-1/-1->2->1 [23] 3/-1/-1->2->1
hyper-01-prod-comp-di-0241-112:1965085:1987443 [1] NCCL INFO Trees [0] 2/-1/-1->1->0 [1] 2/-1/-1->1->0 [2] 2/-1/-1->1->0 [3] 2/-1/-1->1->0 [4] 2/-1/-1->1->0 [5] 2/-1/-1->1->0 [6] 2/-1/-1->1->0 [7] 2/-1/-1->1->0 [8] 2/-1/-1->1->0 [9] 2/-1/-1->1->0 [10] 2/-1/-1->1->0 [11] 2/-1/-1->1->0 [12] 2/-1/-1->1->0 [13] 2/-1/-1->1->0 [14] 2/-1/-1->1->0 [15] 2/-1/-1->1->0 [16] 2/-1/-1->1->0 [17] 2/-1/-1->1->0 [18] 2/-1/-1->1->0 [19] 2/-1/-1->1->0 [20] 2/-1/-1->1->0 [21] 2/-1/-1->1->0 [22] 2/-1/-1->1->0 [23] 2/-1/-1->1->0
hyper-01-prod-comp-di-0241-112:1965084:1987444 [0] NCCL INFO Channel 00/24 :    0   1   2   3
hyper-01-prod-comp-di-0241-112:1965084:1987444 [0] NCCL INFO Channel 01/24 :    0   1   2   3
hyper-01-prod-comp-di-0241-112:1965084:1987444 [0] NCCL INFO Channel 02/24 :    0   1   2   3
hyper-01-prod-comp-di-0241-112:1965084:1987444 [0] NCCL INFO Channel 03/24 :    0   1   2   3
hyper-01-prod-comp-di-0241-112:1965084:1987444 [0] NCCL INFO Channel 04/24 :    0   1   2   3
hyper-01-prod-comp-di-0241-112:1965084:1987444 [0] NCCL INFO Channel 05/24 :    0   1   2   3
hyper-01-prod-comp-di-0241-112:1965084:1987444 [0] NCCL INFO Channel 06/24 :    0   1   2   3
hyper-01-prod-comp-di-0241-112:1965084:1987444 [0] NCCL INFO Channel 07/24 :    0   1   2   3
hyper-01-prod-comp-di-0241-112:1965084:1987444 [0] NCCL INFO Channel 08/24 :    0   1   2   3
hyper-01-prod-comp-di-0241-112:1965084:1987444 [0] NCCL INFO Channel 09/24 :    0   1   2   3
hyper-01-prod-comp-di-0241-112:1965084:1987444 [0] NCCL INFO Channel 10/24 :    0   1   2   3
hyper-01-prod-comp-di-0241-112:1965084:1987444 [0] NCCL INFO Channel 11/24 :    0   1   2   3
hyper-01-prod-comp-di-0241-112:1965084:1987444 [0] NCCL INFO Channel 12/24 :    0   1   2   3
hyper-01-prod-comp-di-0241-112:1965084:1987444 [0] NCCL INFO Channel 13/24 :    0   1   2   3
hyper-01-prod-comp-di-0241-112:1965084:1987444 [0] NCCL INFO Channel 14/24 :    0   1   2   3
hyper-01-prod-comp-di-0241-112:1965084:1987444 [0] NCCL INFO Channel 15/24 :    0   1   2   3
hyper-01-prod-comp-di-0241-112:1965084:1987444 [0] NCCL INFO Channel 16/24 :    0   1   2   3
hyper-01-prod-comp-di-0241-112:1965084:1987444 [0] NCCL INFO Channel 17/24 :    0   1   2   3
hyper-01-prod-comp-di-0241-112:1965084:1987444 [0] NCCL INFO Channel 18/24 :    0   1   2   3
hyper-01-prod-comp-di-0241-112:1965084:1987444 [0] NCCL INFO Channel 19/24 :    0   1   2   3
hyper-01-prod-comp-di-0241-112:1965084:1987444 [0] NCCL INFO Channel 20/24 :    0   1   2   3
hyper-01-prod-comp-di-0241-112:1965084:1987444 [0] NCCL INFO Channel 21/24 :    0   1   2   3
hyper-01-prod-comp-di-0241-112:1965084:1987444 [0] NCCL INFO Channel 22/24 :    0   1   2   3
hyper-01-prod-comp-di-0241-112:1965084:1987444 [0] NCCL INFO Channel 23/24 :    0   1   2   3
hyper-01-prod-comp-di-0241-112:1965084:1987444 [0] NCCL INFO Trees [0] 1/-1/-1->0->-1 [1] 1/-1/-1->0->-1 [2] 1/-1/-1->0->-1 [3] 1/-1/-1->0->-1 [4] 1/-1/-1->0->-1 [5] 1/-1/-1->0->-1 [6] 1/-1/-1->0->-1 [7] 1/-1/-1->0->-1 [8] 1/-1/-1->0->-1 [9] 1/-1/-1->0->-1 [10] 1/-1/-1->0->-1 [11] 1/-1/-1->0->-1 [12] 1/-1/-1->0->-1 [13] 1/-1/-1->0->-1 [14] 1/-1/-1->0->-1 [15] 1/-1/-1->0->-1 [16] 1/-1/-1->0->-1 [17] 1/-1/-1->0->-1 [18] 1/-1/-1->0->-1 [19] 1/-1/-1->0->-1 [20] 1/-1/-1->0->-1 [21] 1/-1/-1->0->-1 [22] 1/-1/-1->0->-1 [23] 1/-1/-1->0->-1
hyper-01-prod-comp-di-0241-112:1965087:1987447 [3] NCCL INFO Trees [0] -1/-1/-1->3->2 [1] -1/-1/-1->3->2 [2] -1/-1/-1->3->2 [3] -1/-1/-1->3->2 [4] -1/-1/-1->3->2 [5] -1/-1/-1->3->2 [6] -1/-1/-1->3->2 [7] -1/-1/-1->3->2 [8] -1/-1/-1->3->2 [9] -1/-1/-1->3->2 [10] -1/-1/-1->3->2 [11] -1/-1/-1->3->2 [12] -1/-1/-1->3->2 [13] -1/-1/-1->3->2 [14] -1/-1/-1->3->2 [15] -1/-1/-1->3->2 [16] -1/-1/-1->3->2 [17] -1/-1/-1->3->2 [18] -1/-1/-1->3->2 [19] -1/-1/-1->3->2 [20] -1/-1/-1->3->2 [21] -1/-1/-1->3->2 [22] -1/-1/-1->3->2 [23] -1/-1/-1->3->2
hyper-01-prod-comp-di-0241-112:1965085:1987443 [1] NCCL INFO Channel 00 : 1[101d0] -> 2[201c0] via P2P/IPC/read
hyper-01-prod-comp-di-0241-112:1965085:1987443 [1] NCCL INFO Channel 01 : 1[101d0] -> 2[201c0] via P2P/IPC/read
hyper-01-prod-comp-di-0241-112:1965085:1987443 [1] NCCL INFO Channel 02 : 1[101d0] -> 2[201c0] via P2P/IPC/read
hyper-01-prod-comp-di-0241-112:1965085:1987443 [1] NCCL INFO Channel 03 : 1[101d0] -> 2[201c0] via P2P/IPC/read
hyper-01-prod-comp-di-0241-112:1965085:1987443 [1] NCCL INFO Channel 04 : 1[101d0] -> 2[201c0] via P2P/IPC/read
hyper-01-prod-comp-di-0241-112:1965085:1987443 [1] NCCL INFO Channel 05 : 1[101d0] -> 2[201c0] via P2P/IPC/read
hyper-01-prod-comp-di-0241-112:1965085:1987443 [1] NCCL INFO Channel 06 : 1[101d0] -> 2[201c0] via P2P/IPC/read
hyper-01-prod-comp-di-0241-112:1965085:1987443 [1] NCCL INFO Channel 07 : 1[101d0] -> 2[201c0] via P2P/IPC/read
hyper-01-prod-comp-di-0241-112:1965085:1987443 [1] NCCL INFO Channel 08 : 1[101d0] -> 2[201c0] via P2P/IPC/read
hyper-01-prod-comp-di-0241-112:1965086:1987445 [2] NCCL INFO Channel 00 : 2[201c0] -> 3[201d0] via P2P/IPC/read
hyper-01-prod-comp-di-0241-112:1965085:1987443 [1] NCCL INFO Channel 09 : 1[101d0] -> 2[201c0] via P2P/IPC/read
hyper-01-prod-comp-di-0241-112:1965086:1987445 [2] NCCL INFO Channel 01 : 2[201c0] -> 3[201d0] via P2P/IPC/read
hyper-01-prod-comp-di-0241-112:1965085:1987443 [1] NCCL INFO Channel 10 : 1[101d0] -> 2[201c0] via P2P/IPC/read
hyper-01-prod-comp-di-0241-112:1965086:1987445 [2] NCCL INFO Channel 02 : 2[201c0] -> 3[201d0] via P2P/IPC/read
hyper-01-prod-comp-di-0241-112:1965085:1987443 [1] NCCL INFO Channel 11 : 1[101d0] -> 2[201c0] via P2P/IPC/read
hyper-01-prod-comp-di-0241-112:1965086:1987445 [2] NCCL INFO Channel 03 : 2[201c0] -> 3[201d0] via P2P/IPC/read
hyper-01-prod-comp-di-0241-112:1965085:1987443 [1] NCCL INFO Channel 12 : 1[101d0] -> 2[201c0] via P2P/IPC/read
hyper-01-prod-comp-di-0241-112:1965086:1987445 [2] NCCL INFO Channel 04 : 2[201c0] -> 3[201d0] via P2P/IPC/read
hyper-01-prod-comp-di-0241-112:1965085:1987443 [1] NCCL INFO Channel 13 : 1[101d0] -> 2[201c0] via P2P/IPC/read
hyper-01-prod-comp-di-0241-112:1965086:1987445 [2] NCCL INFO Channel 05 : 2[201c0] -> 3[201d0] via P2P/IPC/read
hyper-01-prod-comp-di-0241-112:1965085:1987443 [1] NCCL INFO Channel 14 : 1[101d0] -> 2[201c0] via P2P/IPC/read
hyper-01-prod-comp-di-0241-112:1965086:1987445 [2] NCCL INFO Channel 06 : 2[201c0] -> 3[201d0] via P2P/IPC/read
hyper-01-prod-comp-di-0241-112:1965085:1987443 [1] NCCL INFO Channel 15 : 1[101d0] -> 2[201c0] via P2P/IPC/read
hyper-01-prod-comp-di-0241-112:1965086:1987445 [2] NCCL INFO Channel 07 : 2[201c0] -> 3[201d0] via P2P/IPC/read
hyper-01-prod-comp-di-0241-112:1965086:1987445 [2] NCCL INFO Channel 08 : 2[201c0] -> 3[201d0] via P2P/IPC/read
hyper-01-prod-comp-di-0241-112:1965086:1987445 [2] NCCL INFO Channel 09 : 2[201c0] -> 3[201d0] via P2P/IPC/read
hyper-01-prod-comp-di-0241-112:1965086:1987445 [2] NCCL INFO Channel 10 : 2[201c0] -> 3[201d0] via P2P/IPC/read
hyper-01-prod-comp-di-0241-112:1965086:1987445 [2] NCCL INFO Channel 11 : 2[201c0] -> 3[201d0] via P2P/IPC/read
hyper-01-prod-comp-di-0241-112:1965086:1987445 [2] NCCL INFO Channel 12 : 2[201c0] -> 3[201d0] via P2P/IPC/read
hyper-01-prod-comp-di-0241-112:1965086:1987445 [2] NCCL INFO Channel 13 : 2[201c0] -> 3[201d0] via P2P/IPC/read
hyper-01-prod-comp-di-0241-112:1965086:1987445 [2] NCCL INFO Channel 14 : 2[201c0] -> 3[201d0] via P2P/IPC/read
hyper-01-prod-comp-di-0241-112:1965086:1987445 [2] NCCL INFO Channel 15 : 2[201c0] -> 3[201d0] via P2P/IPC/read
hyper-01-prod-comp-di-0241-112:1965085:1987443 [1] NCCL INFO Channel 16 : 1[101d0] -> 2[201c0] via P2P/IPC/read
hyper-01-prod-comp-di-0241-112:1965086:1987445 [2] NCCL INFO Channel 16 : 2[201c0] -> 3[201d0] via P2P/IPC/read
hyper-01-prod-comp-di-0241-112:1965085:1987443 [1] NCCL INFO Channel 17 : 1[101d0] -> 2[201c0] via P2P/IPC/read
hyper-01-prod-comp-di-0241-112:1965086:1987445 [2] NCCL INFO Channel 17 : 2[201c0] -> 3[201d0] via P2P/IPC/read
hyper-01-prod-comp-di-0241-112:1965085:1987443 [1] NCCL INFO Channel 18 : 1[101d0] -> 2[201c0] via P2P/IPC/read
hyper-01-prod-comp-di-0241-112:1965086:1987445 [2] NCCL INFO Channel 18 : 2[201c0] -> 3[201d0] via P2P/IPC/read
hyper-01-prod-comp-di-0241-112:1965086:1987445 [2] NCCL INFO Channel 19 : 2[201c0] -> 3[201d0] via P2P/IPC/read
hyper-01-prod-comp-di-0241-112:1965086:1987445 [2] NCCL INFO Channel 20 : 2[201c0] -> 3[201d0] via P2P/IPC/read
hyper-01-prod-comp-di-0241-112:1965086:1987445 [2] NCCL INFO Channel 21 : 2[201c0] -> 3[201d0] via P2P/IPC/read
hyper-01-prod-comp-di-0241-112:1965086:1987445 [2] NCCL INFO Channel 22 : 2[201c0] -> 3[201d0] via P2P/IPC/read
hyper-01-prod-comp-di-0241-112:1965086:1987445 [2] NCCL INFO Channel 23 : 2[201c0] -> 3[201d0] via P2P/IPC/read
hyper-01-prod-comp-di-0241-112:1965085:1987443 [1] NCCL INFO Channel 19 : 1[101d0] -> 2[201c0] via P2P/IPC/read
hyper-01-prod-comp-di-0241-112:1965085:1987443 [1] NCCL INFO Channel 20 : 1[101d0] -> 2[201c0] via P2P/IPC/read
hyper-01-prod-comp-di-0241-112:1965085:1987443 [1] NCCL INFO Channel 21 : 1[101d0] -> 2[201c0] via P2P/IPC/read
hyper-01-prod-comp-di-0241-112:1965085:1987443 [1] NCCL INFO Channel 22 : 1[101d0] -> 2[201c0] via P2P/IPC/read
hyper-01-prod-comp-di-0241-112:1965085:1987443 [1] NCCL INFO Channel 23 : 1[101d0] -> 2[201c0] via P2P/IPC/read
hyper-01-prod-comp-di-0241-112:1965087:1987447 [3] NCCL INFO Channel 00 : 3[201d0] -> 0[101c0] via P2P/IPC/read
hyper-01-prod-comp-di-0241-112:1965087:1987447 [3] NCCL INFO Channel 01 : 3[201d0] -> 0[101c0] via P2P/IPC/read
hyper-01-prod-comp-di-0241-112:1965087:1987447 [3] NCCL INFO Channel 02 : 3[201d0] -> 0[101c0] via P2P/IPC/read
hyper-01-prod-comp-di-0241-112:1965087:1987447 [3] NCCL INFO Channel 03 : 3[201d0] -> 0[101c0] via P2P/IPC/read
hyper-01-prod-comp-di-0241-112:1965087:1987447 [3] NCCL INFO Channel 04 : 3[201d0] -> 0[101c0] via P2P/IPC/read
hyper-01-prod-comp-di-0241-112:1965087:1987447 [3] NCCL INFO Channel 05 : 3[201d0] -> 0[101c0] via P2P/IPC/read
hyper-01-prod-comp-di-0241-112:1965087:1987447 [3] NCCL INFO Channel 06 : 3[201d0] -> 0[101c0] via P2P/IPC/read
hyper-01-prod-comp-di-0241-112:1965087:1987447 [3] NCCL INFO Channel 07 : 3[201d0] -> 0[101c0] via P2P/IPC/read
hyper-01-prod-comp-di-0241-112:1965087:1987447 [3] NCCL INFO Channel 08 : 3[201d0] -> 0[101c0] via P2P/IPC/read
hyper-01-prod-comp-di-0241-112:1965087:1987447 [3] NCCL INFO Channel 09 : 3[201d0] -> 0[101c0] via P2P/IPC/read
hyper-01-prod-comp-di-0241-112:1965087:1987447 [3] NCCL INFO Channel 10 : 3[201d0] -> 0[101c0] via P2P/IPC/read
hyper-01-prod-comp-di-0241-112:1965087:1987447 [3] NCCL INFO Channel 11 : 3[201d0] -> 0[101c0] via P2P/IPC/read
hyper-01-prod-comp-di-0241-112:1965087:1987447 [3] NCCL INFO Channel 12 : 3[201d0] -> 0[101c0] via P2P/IPC/read
hyper-01-prod-comp-di-0241-112:1965087:1987447 [3] NCCL INFO Channel 13 : 3[201d0] -> 0[101c0] via P2P/IPC/read
hyper-01-prod-comp-di-0241-112:1965087:1987447 [3] NCCL INFO Channel 14 : 3[201d0] -> 0[101c0] via P2P/IPC/read
hyper-01-prod-comp-di-0241-112:1965087:1987447 [3] NCCL INFO Channel 15 : 3[201d0] -> 0[101c0] via P2P/IPC/read
hyper-01-prod-comp-di-0241-112:1965087:1987447 [3] NCCL INFO Channel 16 : 3[201d0] -> 0[101c0] via P2P/IPC/read
hyper-01-prod-comp-di-0241-112:1965087:1987447 [3] NCCL INFO Channel 17 : 3[201d0] -> 0[101c0] via P2P/IPC/read
hyper-01-prod-comp-di-0241-112:1965087:1987447 [3] NCCL INFO Channel 18 : 3[201d0] -> 0[101c0] via P2P/IPC/read
hyper-01-prod-comp-di-0241-112:1965087:1987447 [3] NCCL INFO Channel 19 : 3[201d0] -> 0[101c0] via P2P/IPC/read
hyper-01-prod-comp-di-0241-112:1965087:1987447 [3] NCCL INFO Channel 20 : 3[201d0] -> 0[101c0] via P2P/IPC/read
hyper-01-prod-comp-di-0241-112:1965087:1987447 [3] NCCL INFO Channel 21 : 3[201d0] -> 0[101c0] via P2P/IPC/read
hyper-01-prod-comp-di-0241-112:1965087:1987447 [3] NCCL INFO Channel 22 : 3[201d0] -> 0[101c0] via P2P/IPC/read
hyper-01-prod-comp-di-0241-112:1965087:1987447 [3] NCCL INFO Channel 23 : 3[201d0] -> 0[101c0] via P2P/IPC/read
hyper-01-prod-comp-di-0241-112:1965086:1987445 [2] NCCL INFO Connected all rings
hyper-01-prod-comp-di-0241-112:1965084:1987444 [0] NCCL INFO Channel 00 : 0[101c0] -> 1[101d0] via P2P/IPC/read
hyper-01-prod-comp-di-0241-112:1965084:1987444 [0] NCCL INFO Channel 01 : 0[101c0] -> 1[101d0] via P2P/IPC/read
hyper-01-prod-comp-di-0241-112:1965084:1987444 [0] NCCL INFO Channel 02 : 0[101c0] -> 1[101d0] via P2P/IPC/read
hyper-01-prod-comp-di-0241-112:1965084:1987444 [0] NCCL INFO Channel 03 : 0[101c0] -> 1[101d0] via P2P/IPC/read
hyper-01-prod-comp-di-0241-112:1965084:1987444 [0] NCCL INFO Channel 04 : 0[101c0] -> 1[101d0] via P2P/IPC/read
hyper-01-prod-comp-di-0241-112:1965084:1987444 [0] NCCL INFO Channel 05 : 0[101c0] -> 1[101d0] via P2P/IPC/read
hyper-01-prod-comp-di-0241-112:1965084:1987444 [0] NCCL INFO Channel 06 : 0[101c0] -> 1[101d0] via P2P/IPC/read
hyper-01-prod-comp-di-0241-112:1965084:1987444 [0] NCCL INFO Channel 07 : 0[101c0] -> 1[101d0] via P2P/IPC/read
hyper-01-prod-comp-di-0241-112:1965084:1987444 [0] NCCL INFO Channel 08 : 0[101c0] -> 1[101d0] via P2P/IPC/read
hyper-01-prod-comp-di-0241-112:1965084:1987444 [0] NCCL INFO Channel 09 : 0[101c0] -> 1[101d0] via P2P/IPC/read
hyper-01-prod-comp-di-0241-112:1965084:1987444 [0] NCCL INFO Channel 10 : 0[101c0] -> 1[101d0] via P2P/IPC/read
hyper-01-prod-comp-di-0241-112:1965084:1987444 [0] NCCL INFO Channel 11 : 0[101c0] -> 1[101d0] via P2P/IPC/read
hyper-01-prod-comp-di-0241-112:1965084:1987444 [0] NCCL INFO Channel 12 : 0[101c0] -> 1[101d0] via P2P/IPC/read
hyper-01-prod-comp-di-0241-112:1965084:1987444 [0] NCCL INFO Channel 13 : 0[101c0] -> 1[101d0] via P2P/IPC/read
hyper-01-prod-comp-di-0241-112:1965084:1987444 [0] NCCL INFO Channel 14 : 0[101c0] -> 1[101d0] via P2P/IPC/read
hyper-01-prod-comp-di-0241-112:1965084:1987444 [0] NCCL INFO Channel 15 : 0[101c0] -> 1[101d0] via P2P/IPC/read
hyper-01-prod-comp-di-0241-112:1965084:1987444 [0] NCCL INFO Channel 16 : 0[101c0] -> 1[101d0] via P2P/IPC/read
hyper-01-prod-comp-di-0241-112:1965084:1987444 [0] NCCL INFO Channel 17 : 0[101c0] -> 1[101d0] via P2P/IPC/read
hyper-01-prod-comp-di-0241-112:1965084:1987444 [0] NCCL INFO Channel 18 : 0[101c0] -> 1[101d0] via P2P/IPC/read
hyper-01-prod-comp-di-0241-112:1965084:1987444 [0] NCCL INFO Channel 19 : 0[101c0] -> 1[101d0] via P2P/IPC/read
hyper-01-prod-comp-di-0241-112:1965084:1987444 [0] NCCL INFO Channel 20 : 0[101c0] -> 1[101d0] via P2P/IPC/read
hyper-01-prod-comp-di-0241-112:1965084:1987444 [0] NCCL INFO Channel 21 : 0[101c0] -> 1[101d0] via P2P/IPC/read
hyper-01-prod-comp-di-0241-112:1965086:1987445 [2] NCCL INFO Channel 00 : 2[201c0] -> 1[101d0] via P2P/IPC/read
hyper-01-prod-comp-di-0241-112:1965086:1987445 [2] NCCL INFO Channel 01 : 2[201c0] -> 1[101d0] via P2P/IPC/read
hyper-01-prod-comp-di-0241-112:1965084:1987444 [0] NCCL INFO Channel 22 : 0[101c0] -> 1[101d0] via P2P/IPC/read
hyper-01-prod-comp-di-0241-112:1965084:1987444 [0] NCCL INFO Channel 23 : 0[101c0] -> 1[101d0] via P2P/IPC/read
hyper-01-prod-comp-di-0241-112:1965086:1987445 [2] NCCL INFO Channel 02 : 2[201c0] -> 1[101d0] via P2P/IPC/read
hyper-01-prod-comp-di-0241-112:1965086:1987445 [2] NCCL INFO Channel 03 : 2[201c0] -> 1[101d0] via P2P/IPC/read
hyper-01-prod-comp-di-0241-112:1965086:1987445 [2] NCCL INFO Channel 04 : 2[201c0] -> 1[101d0] via P2P/IPC/read
hyper-01-prod-comp-di-0241-112:1965086:1987445 [2] NCCL INFO Channel 05 : 2[201c0] -> 1[101d0] via P2P/IPC/read
hyper-01-prod-comp-di-0241-112:1965086:1987445 [2] NCCL INFO Channel 06 : 2[201c0] -> 1[101d0] via P2P/IPC/read
hyper-01-prod-comp-di-0241-112:1965086:1987445 [2] NCCL INFO Channel 07 : 2[201c0] -> 1[101d0] via P2P/IPC/read
hyper-01-prod-comp-di-0241-112:1965086:1987445 [2] NCCL INFO Channel 08 : 2[201c0] -> 1[101d0] via P2P/IPC/read
hyper-01-prod-comp-di-0241-112:1965086:1987445 [2] NCCL INFO Channel 09 : 2[201c0] -> 1[101d0] via P2P/IPC/read
hyper-01-prod-comp-di-0241-112:1965086:1987445 [2] NCCL INFO Channel 10 : 2[201c0] -> 1[101d0] via P2P/IPC/read
hyper-01-prod-comp-di-0241-112:1965086:1987445 [2] NCCL INFO Channel 11 : 2[201c0] -> 1[101d0] via P2P/IPC/read
hyper-01-prod-comp-di-0241-112:1965086:1987445 [2] NCCL INFO Channel 12 : 2[201c0] -> 1[101d0] via P2P/IPC/read
hyper-01-prod-comp-di-0241-112:1965086:1987445 [2] NCCL INFO Channel 13 : 2[201c0] -> 1[101d0] via P2P/IPC/read
hyper-01-prod-comp-di-0241-112:1965086:1987445 [2] NCCL INFO Channel 14 : 2[201c0] -> 1[101d0] via P2P/IPC/read
hyper-01-prod-comp-di-0241-112:1965086:1987445 [2] NCCL INFO Channel 15 : 2[201c0] -> 1[101d0] via P2P/IPC/read
hyper-01-prod-comp-di-0241-112:1965086:1987445 [2] NCCL INFO Channel 16 : 2[201c0] -> 1[101d0] via P2P/IPC/read
hyper-01-prod-comp-di-0241-112:1965086:1987445 [2] NCCL INFO Channel 17 : 2[201c0] -> 1[101d0] via P2P/IPC/read
hyper-01-prod-comp-di-0241-112:1965086:1987445 [2] NCCL INFO Channel 18 : 2[201c0] -> 1[101d0] via P2P/IPC/read
hyper-01-prod-comp-di-0241-112:1965086:1987445 [2] NCCL INFO Channel 19 : 2[201c0] -> 1[101d0] via P2P/IPC/read
hyper-01-prod-comp-di-0241-112:1965086:1987445 [2] NCCL INFO Channel 20 : 2[201c0] -> 1[101d0] via P2P/IPC/read
hyper-01-prod-comp-di-0241-112:1965086:1987445 [2] NCCL INFO Channel 21 : 2[201c0] -> 1[101d0] via P2P/IPC/read
hyper-01-prod-comp-di-0241-112:1965086:1987445 [2] NCCL INFO Channel 22 : 2[201c0] -> 1[101d0] via P2P/IPC/read
hyper-01-prod-comp-di-0241-112:1965086:1987445 [2] NCCL INFO Channel 23 : 2[201c0] -> 1[101d0] via P2P/IPC/read
hyper-01-prod-comp-di-0241-112:1965085:1987443 [1] NCCL INFO Connected all rings
hyper-01-prod-comp-di-0241-112:1965087:1987447 [3] NCCL INFO Connected all rings
hyper-01-prod-comp-di-0241-112:1965087:1987447 [3] NCCL INFO Channel 00 : 3[201d0] -> 2[201c0] via P2P/IPC/read
hyper-01-prod-comp-di-0241-112:1965087:1987447 [3] NCCL INFO Channel 01 : 3[201d0] -> 2[201c0] via P2P/IPC/read
hyper-01-prod-comp-di-0241-112:1965087:1987447 [3] NCCL INFO Channel 02 : 3[201d0] -> 2[201c0] via P2P/IPC/read
hyper-01-prod-comp-di-0241-112:1965087:1987447 [3] NCCL INFO Channel 03 : 3[201d0] -> 2[201c0] via P2P/IPC/read
hyper-01-prod-comp-di-0241-112:1965087:1987447 [3] NCCL INFO Channel 04 : 3[201d0] -> 2[201c0] via P2P/IPC/read
hyper-01-prod-comp-di-0241-112:1965087:1987447 [3] NCCL INFO Channel 05 : 3[201d0] -> 2[201c0] via P2P/IPC/read
hyper-01-prod-comp-di-0241-112:1965087:1987447 [3] NCCL INFO Channel 06 : 3[201d0] -> 2[201c0] via P2P/IPC/read
hyper-01-prod-comp-di-0241-112:1965087:1987447 [3] NCCL INFO Channel 07 : 3[201d0] -> 2[201c0] via P2P/IPC/read
hyper-01-prod-comp-di-0241-112:1965087:1987447 [3] NCCL INFO Channel 08 : 3[201d0] -> 2[201c0] via P2P/IPC/read
hyper-01-prod-comp-di-0241-112:1965087:1987447 [3] NCCL INFO Channel 09 : 3[201d0] -> 2[201c0] via P2P/IPC/read
hyper-01-prod-comp-di-0241-112:1965087:1987447 [3] NCCL INFO Channel 10 : 3[201d0] -> 2[201c0] via P2P/IPC/read
hyper-01-prod-comp-di-0241-112:1965087:1987447 [3] NCCL INFO Channel 11 : 3[201d0] -> 2[201c0] via P2P/IPC/read
hyper-01-prod-comp-di-0241-112:1965087:1987447 [3] NCCL INFO Channel 12 : 3[201d0] -> 2[201c0] via P2P/IPC/read
hyper-01-prod-comp-di-0241-112:1965087:1987447 [3] NCCL INFO Channel 13 : 3[201d0] -> 2[201c0] via P2P/IPC/read
hyper-01-prod-comp-di-0241-112:1965087:1987447 [3] NCCL INFO Channel 14 : 3[201d0] -> 2[201c0] via P2P/IPC/read
hyper-01-prod-comp-di-0241-112:1965087:1987447 [3] NCCL INFO Channel 15 : 3[201d0] -> 2[201c0] via P2P/IPC/read
hyper-01-prod-comp-di-0241-112:1965087:1987447 [3] NCCL INFO Channel 16 : 3[201d0] -> 2[201c0] via P2P/IPC/read
hyper-01-prod-comp-di-0241-112:1965087:1987447 [3] NCCL INFO Channel 17 : 3[201d0] -> 2[201c0] via P2P/IPC/read
hyper-01-prod-comp-di-0241-112:1965087:1987447 [3] NCCL INFO Channel 18 : 3[201d0] -> 2[201c0] via P2P/IPC/read
hyper-01-prod-comp-di-0241-112:1965087:1987447 [3] NCCL INFO Channel 19 : 3[201d0] -> 2[201c0] via P2P/IPC/read
hyper-01-prod-comp-di-0241-112:1965087:1987447 [3] NCCL INFO Channel 20 : 3[201d0] -> 2[201c0] via P2P/IPC/read
hyper-01-prod-comp-di-0241-112:1965087:1987447 [3] NCCL INFO Channel 21 : 3[201d0] -> 2[201c0] via P2P/IPC/read
hyper-01-prod-comp-di-0241-112:1965087:1987447 [3] NCCL INFO Channel 22 : 3[201d0] -> 2[201c0] via P2P/IPC/read
hyper-01-prod-comp-di-0241-112:1965087:1987447 [3] NCCL INFO Channel 23 : 3[201d0] -> 2[201c0] via P2P/IPC/read
hyper-01-prod-comp-di-0241-112:1965084:1987444 [0] NCCL INFO Connected all rings
hyper-01-prod-comp-di-0241-112:1965085:1987443 [1] NCCL INFO Channel 00 : 1[101d0] -> 0[101c0] via P2P/IPC/read
hyper-01-prod-comp-di-0241-112:1965085:1987443 [1] NCCL INFO Channel 01 : 1[101d0] -> 0[101c0] via P2P/IPC/read
hyper-01-prod-comp-di-0241-112:1965085:1987443 [1] NCCL INFO Channel 02 : 1[101d0] -> 0[101c0] via P2P/IPC/read
hyper-01-prod-comp-di-0241-112:1965085:1987443 [1] NCCL INFO Channel 03 : 1[101d0] -> 0[101c0] via P2P/IPC/read
hyper-01-prod-comp-di-0241-112:1965085:1987443 [1] NCCL INFO Channel 04 : 1[101d0] -> 0[101c0] via P2P/IPC/read
hyper-01-prod-comp-di-0241-112:1965087:1987447 [3] NCCL INFO Connected all trees
hyper-01-prod-comp-di-0241-112:1965087:1987447 [3] NCCL INFO threadThresholds 8/8/64 | 32/8/64 | 8/8/512
hyper-01-prod-comp-di-0241-112:1965085:1987443 [1] NCCL INFO Channel 05 : 1[101d0] -> 0[101c0] via P2P/IPC/read
hyper-01-prod-comp-di-0241-112:1965085:1987443 [1] NCCL INFO Channel 06 : 1[101d0] -> 0[101c0] via P2P/IPC/read
hyper-01-prod-comp-di-0241-112:1965085:1987443 [1] NCCL INFO Channel 07 : 1[101d0] -> 0[101c0] via P2P/IPC/read
hyper-01-prod-comp-di-0241-112:1965085:1987443 [1] NCCL INFO Channel 08 : 1[101d0] -> 0[101c0] via P2P/IPC/read
hyper-01-prod-comp-di-0241-112:1965085:1987443 [1] NCCL INFO Channel 09 : 1[101d0] -> 0[101c0] via P2P/IPC/read
hyper-01-prod-comp-di-0241-112:1965085:1987443 [1] NCCL INFO Channel 10 : 1[101d0] -> 0[101c0] via P2P/IPC/read
hyper-01-prod-comp-di-0241-112:1965085:1987443 [1] NCCL INFO Channel 11 : 1[101d0] -> 0[101c0] via P2P/IPC/read
hyper-01-prod-comp-di-0241-112:1965085:1987443 [1] NCCL INFO Channel 12 : 1[101d0] -> 0[101c0] via P2P/IPC/read
hyper-01-prod-comp-di-0241-112:1965085:1987443 [1] NCCL INFO Channel 13 : 1[101d0] -> 0[101c0] via P2P/IPC/read
hyper-01-prod-comp-di-0241-112:1965085:1987443 [1] NCCL INFO Channel 14 : 1[101d0] -> 0[101c0] via P2P/IPC/read
hyper-01-prod-comp-di-0241-112:1965085:1987443 [1] NCCL INFO Channel 15 : 1[101d0] -> 0[101c0] via P2P/IPC/read
hyper-01-prod-comp-di-0241-112:1965085:1987443 [1] NCCL INFO Channel 16 : 1[101d0] -> 0[101c0] via P2P/IPC/read
hyper-01-prod-comp-di-0241-112:1965085:1987443 [1] NCCL INFO Channel 17 : 1[101d0] -> 0[101c0] via P2P/IPC/read
hyper-01-prod-comp-di-0241-112:1965085:1987443 [1] NCCL INFO Channel 18 : 1[101d0] -> 0[101c0] via P2P/IPC/read
hyper-01-prod-comp-di-0241-112:1965085:1987443 [1] NCCL INFO Channel 19 : 1[101d0] -> 0[101c0] via P2P/IPC/read
hyper-01-prod-comp-di-0241-112:1965085:1987443 [1] NCCL INFO Channel 20 : 1[101d0] -> 0[101c0] via P2P/IPC/read
hyper-01-prod-comp-di-0241-112:1965085:1987443 [1] NCCL INFO Channel 21 : 1[101d0] -> 0[101c0] via P2P/IPC/read
hyper-01-prod-comp-di-0241-112:1965085:1987443 [1] NCCL INFO Channel 22 : 1[101d0] -> 0[101c0] via P2P/IPC/read
hyper-01-prod-comp-di-0241-112:1965085:1987443 [1] NCCL INFO Channel 23 : 1[101d0] -> 0[101c0] via P2P/IPC/read
hyper-01-prod-comp-di-0241-112:1965087:1987447 [3] NCCL INFO 24 coll channels, 32 p2p channels, 32 p2p channels per peer
hyper-01-prod-comp-di-0241-112:1965086:1987445 [2] NCCL INFO Connected all trees
hyper-01-prod-comp-di-0241-112:1965086:1987445 [2] NCCL INFO threadThresholds 8/8/64 | 32/8/64 | 8/8/512
hyper-01-prod-comp-di-0241-112:1965084:1987444 [0] NCCL INFO Connected all trees
hyper-01-prod-comp-di-0241-112:1965084:1987444 [0] NCCL INFO threadThresholds 8/8/64 | 32/8/64 | 8/8/512
hyper-01-prod-comp-di-0241-112:1965086:1987445 [2] NCCL INFO 24 coll channels, 32 p2p channels, 32 p2p channels per peer
hyper-01-prod-comp-di-0241-112:1965085:1987443 [1] NCCL INFO Connected all trees
hyper-01-prod-comp-di-0241-112:1965085:1987443 [1] NCCL INFO threadThresholds 8/8/64 | 32/8/64 | 8/8/512
hyper-01-prod-comp-di-0241-112:1965085:1987443 [1] NCCL INFO 24 coll channels, 32 p2p channels, 32 p2p channels per peer
hyper-01-prod-comp-di-0241-112:1965084:1987444 [0] NCCL INFO 24 coll channels, 32 p2p channels, 32 p2p channels per peer
hyper-01-prod-comp-di-0241-112:1965085:1987443 [1] NCCL INFO comm 0x7f089c0030d0 rank 1 nranks 4 cudaDev 1 busId 101d0 - Init COMPLETE
hyper-01-prod-comp-di-0241-112:1965086:1987445 [2] NCCL INFO comm 0x7f720c0030d0 rank 2 nranks 4 cudaDev 2 busId 201c0 - Init COMPLETE
hyper-01-prod-comp-di-0241-112:1965087:1987447 [3] NCCL INFO comm 0x7f818c0030d0 rank 3 nranks 4 cudaDev 3 busId 201d0 - Init COMPLETE
hyper-01-prod-comp-di-0241-112:1965084:1987444 [0] NCCL INFO comm 0x7faae40030d0 rank 0 nranks 4 cudaDev 0 busId 101c0 - Init COMPLETE
hyper-01-prod-comp-di-0241-112:1965084:1965084 [0] NCCL INFO Launch mode Parallel
It took 34.1s
Train Loss: 1.624
explanation_loss (194012): 3.585 rating_loss (253083): 0.824 review_loss (253083): 0.478 sequential_loss (608621): 2.218 total_loss (1765264): 1.624 traditional_loss (456465): 1.079 

Skip validation for Epoch01
Skip validation for Epoch01
Skip validation for Epoch01
Skip validation for Epoch01
Train Loss: 1.493
explanation_loss (194012): 3.348 rating_loss (253083): 0.748 review_loss (253084): 0.364 sequential_loss (608620): 2.080 total_loss (1765264): 1.493 traditional_loss (456465): 0.960 

Skip validation for Epoch02
Skip validation for Epoch02
Skip validation for Epoch02
Skip validation for Epoch02
Train Loss: 1.455
explanation_loss (194012): 3.272 rating_loss (253083): 0.742 review_loss (253083): 0.349 sequential_loss (608620): 2.024 total_loss (1765264): 1.455 traditional_loss (456466): 0.933 

Skip validation for Epoch03
Skip validation for Epoch03
Skip validation for Epoch03
Skip validation for Epoch03
Train Loss: 1.426
explanation_loss (194012): 3.218 rating_loss (253084): 0.741 review_loss (253083): 0.339 sequential_loss (608620): 1.974 total_loss (1765264): 1.426 traditional_loss (456465): 0.916 

Skip validation for Epoch04
Skip validation for Epoch04
Skip validation for Epoch04Skip validation for Epoch04

Train Loss: 1.398
explanation_loss (194012): 3.171 rating_loss (253083): 0.739 review_loss (253083): 0.330 sequential_loss (608620): 1.921 total_loss (1765264): 1.398 traditional_loss (456466): 0.902 

Skip validation for Epoch05
Skip validation for Epoch05
Skip validation for Epoch05Skip validation for Epoch05

Train Loss: 1.369
explanation_loss (194012): 3.131 rating_loss (253084): 0.737 review_loss (253083): 0.322 sequential_loss (608620): 1.865 total_loss (1765264): 1.369 traditional_loss (456465): 0.890 

Skip validation for Epoch06
Skip validation for Epoch06
Skip validation for Epoch06
Skip validation for Epoch06
Train Loss: 1.342
explanation_loss (194012): 3.093 rating_loss (253083): 0.735 review_loss (253083): 0.314 sequential_loss (608621): 1.808 total_loss (1765264): 1.342 traditional_loss (456465): 0.881 

Skip validation for Epoch07
Skip validation for Epoch07
Skip validation for Epoch07
Skip validation for Epoch07
Train Loss: 1.311
explanation_loss (194012): 3.058 rating_loss (253083): 0.736 review_loss (253084): 0.307 sequential_loss (608620): 1.745 total_loss (1765264): 1.311 traditional_loss (456465): 0.867 

Skip validation for Epoch08
Skip validation for Epoch08
Skip validation for Epoch08Skip validation for Epoch08

Train Loss: 1.284
explanation_loss (194012): 3.027 rating_loss (253084): 0.733 review_loss (253083): 0.299 sequential_loss (608620): 1.683 total_loss (1765264): 1.284 traditional_loss (456465): 0.861 

Skip validation for Epoch09
Skip validation for Epoch09
Skip validation for Epoch09
Skip validation for Epoch09
Train Loss: 1.262
explanation_loss (194012): 3.002 rating_loss (253083): 0.732 review_loss (253083): 0.292 sequential_loss (608621): 1.637 total_loss (1765264): 1.262 traditional_loss (456465): 0.853 

Skip validation for Epoch10
Skip validation for Epoch10
Skip validation for Epoch10
Skip validation for Epoch10
